\\PSF\HOME\DOCUMENTS\VISUAL STUDIO 2010\PROJECTS\FILE_READ\DEBUG\FILE_READ.EXE
\\PSF\HOME\DOCUMENTS\VISUAL STUDIO 2010\PROJECTS\FILE_READ\DEBUG\FILE_READ.PDB
\\psf\Home\Documents\Visual Studio 2010\Projects\file_read\file_read\Debug\cl.command.1.tlog
\\psf\Home\Documents\Visual Studio 2010\Projects\file_read\file_read\Debug\cl.read.1.tlog
\\psf\Home\Documents\Visual Studio 2010\Projects\file_read\file_read\Debug\cl.write.1.tlog
\\psf\Home\Documents\Visual Studio 2010\Projects\file_read\file_read\Debug\file_read.exe.embed.manifest
\\PSF\HOME\DOCUMENTS\VISUAL STUDIO 2010\PROJECTS\FILE_READ\FILE_READ\DEBUG\FILE_READ.EXE.EMBED.MANIFEST.RES
\\PSF\HOME\DOCUMENTS\VISUAL STUDIO 2010\PROJECTS\FILE_READ\FILE_READ\DEBUG\FILE_READ.EXE.INTERMEDIATE.MANIFEST
\\psf\Home\Documents\Visual Studio 2010\Projects\file_read\file_read\Debug\file_read.vcxprojResolveAssemblyReference.cache
\\psf\Home\Documents\Visual Studio 2010\Projects\file_read\file_read\Debug\file_read.write.1.tlog
\\psf\Home\Documents\Visual Studio 2010\Projects\file_read\file_read\Debug\file_read_manifest.rc
\\psf\Home\Documents\Visual Studio 2010\Projects\file_read\file_read\Debug\link.command.1.tlog
\\psf\Home\Documents\Visual Studio 2010\Projects\file_read\file_read\Debug\link.read.1.tlog
\\psf\Home\Documents\Visual Studio 2010\Projects\file_read\file_read\Debug\link.write.1.tlog
\\PSF\HOME\DOCUMENTS\VISUAL STUDIO 2010\PROJECTS\FILE_READ\FILE_READ\DEBUG\MAIN.OBJ
\\psf\Home\Documents\Visual Studio 2010\Projects\file_read\file_read\Debug\mt.command.1.tlog
\\psf\Home\Documents\Visual Studio 2010\Projects\file_read\file_read\Debug\mt.read.1.tlog
\\psf\Home\Documents\Visual Studio 2010\Projects\file_read\file_read\Debug\mt.write.1.tlog
\\psf\Home\Documents\Visual Studio 2010\Projects\file_read\file_read\Debug\rc.command.1.tlog
\\psf\Home\Documents\Visual Studio 2010\Projects\file_read\file_read\Debug\rc.read.1.tlog
\\psf\Home\Documents\Visual Studio 2010\Projects\file_read\file_read\Debug\rc.write.1.tlog
\\psf\Home\Documents\Visual Studio 2010\Projects\file_read\file_read\Debug\vc100.idb
\\PSF\HOME\DOCUMENTS\VISUAL STUDIO 2010\PROJECTS\FILE_READ\FILE_READ\DEBUG\VC100.PDB
