Build started 11/5/2013 6:12:24 PM.
Project "\\psf\Home\Documents\Visual Studio 2010\Projects\file_read\file_read\file_read.vcxproj" on node 2 (build target(s)).
InitializeBuildStatus:
  Creating "Debug\file_read.unsuccessfulbuild" because "AlwaysCreate" was specified.
ClCompile:
  C:\Program Files (x86)\Microsoft Visual Studio 10.0\VC\bin\CL.exe /c /ZI /nologo /W3 /WX- /Od /Oy- /D WIN32 /D _DEBUG /D _CONSOLE /D _UNICODE /D UNICODE /Gm /EHsc /RTC1 /MTd /GS /fp:precise /Zc:wchar_t /Zc:forScope /Fo"Debug\\" /Fd"Debug\vc100.pdb" /Gd /TP /analyze- /errorReport:prompt main.cpp /vmg 
  main.cpp
\\psf\home\documents\visual studio 2010\projects\file_read\file_read\main.cpp(397): warning C4018: '<' : signed/unsigned mismatch
\\psf\home\documents\visual studio 2010\projects\file_read\file_read\main.cpp(414): warning C4244: 'initializing' : conversion from 'double' to 'float', possible loss of data
\\psf\home\documents\visual studio 2010\projects\file_read\file_read\main.cpp(500): warning C4996: 'getch': The POSIX name for this item is deprecated. Instead, use the ISO C++ conformant name: _getch. See online help for details.
          c:\program files (x86)\microsoft visual studio 10.0\vc\include\conio.h(128) : see declaration of 'getch'
\\psf\home\documents\visual studio 2010\projects\file_read\file_read\main.cpp(507): warning C4018: '<' : signed/unsigned mismatch
\\psf\home\documents\visual studio 2010\projects\file_read\file_read\main.cpp(525): warning C4244: '=' : conversion from 'float' to 'int', possible loss of data
\\psf\home\documents\visual studio 2010\projects\file_read\file_read\main.cpp(566): warning C4244: '=' : conversion from 'float' to 'int', possible loss of data
\\psf\home\documents\visual studio 2010\projects\file_read\file_read\main.cpp(575): warning C4244: '=' : conversion from 'double' to 'int', possible loss of data
\\psf\home\documents\visual studio 2010\projects\file_read\file_read\main.cpp(582): warning C4244: '=' : conversion from 'double' to 'float', possible loss of data
\\psf\home\documents\visual studio 2010\projects\file_read\file_read\main.cpp(632): warning C4018: '<' : signed/unsigned mismatch
\\psf\home\documents\visual studio 2010\projects\file_read\file_read\main.cpp(806): warning C4018: '<' : signed/unsigned mismatch
\\psf\home\documents\visual studio 2010\projects\file_read\file_read\main.cpp(818): warning C4244: 'initializing' : conversion from 'float' to 'int', possible loss of data
\\psf\home\documents\visual studio 2010\projects\file_read\file_read\main.cpp(822): warning C4018: '<' : signed/unsigned mismatch
\\psf\home\documents\visual studio 2010\projects\file_read\file_read\main.cpp(971): warning C4244: '=' : conversion from 'int' to 'float', possible loss of data
\\psf\home\documents\visual studio 2010\projects\file_read\file_read\main.cpp(981): warning C4244: '=' : conversion from 'int' to 'float', possible loss of data
\\psf\home\documents\visual studio 2010\projects\file_read\file_read\main.cpp(1011): warning C4244: '=' : conversion from 'int' to 'float', possible loss of data
\\psf\home\documents\visual studio 2010\projects\file_read\file_read\main.cpp(1022): warning C4244: '=' : conversion from 'int' to 'float', possible loss of data
\\psf\home\documents\visual studio 2010\projects\file_read\file_read\main.cpp(1027): warning C4244: '=' : conversion from 'int' to 'float', possible loss of data
\\psf\home\documents\visual studio 2010\projects\file_read\file_read\main.cpp(1178): warning C4244: '=' : conversion from 'int' to 'float', possible loss of data
\\psf\home\documents\visual studio 2010\projects\file_read\file_read\main.cpp(1186): warning C4244: '=' : conversion from 'int' to 'float', possible loss of data
\\psf\home\documents\visual studio 2010\projects\file_read\file_read\main.cpp(1285): warning C4018: '<' : signed/unsigned mismatch
\\psf\home\documents\visual studio 2010\projects\file_read\file_read\main.cpp(1363): warning C4018: '<' : signed/unsigned mismatch
\\psf\home\documents\visual studio 2010\projects\file_read\file_read\main.cpp(1369): warning C4244: 'initializing' : conversion from 'float' to 'int', possible loss of data
\\psf\home\documents\visual studio 2010\projects\file_read\file_read\main.cpp(1536): warning C4018: '<' : signed/unsigned mismatch
\\psf\home\documents\visual studio 2010\projects\file_read\file_read\main.cpp(1541): warning C4244: '=' : conversion from 'double' to 'float', possible loss of data
\\psf\home\documents\visual studio 2010\projects\file_read\file_read\main.cpp(1629): warning C4996: 'getch': The POSIX name for this item is deprecated. Instead, use the ISO C++ conformant name: _getch. See online help for details.
          c:\program files (x86)\microsoft visual studio 10.0\vc\include\conio.h(128) : see declaration of 'getch'
\\psf\home\documents\visual studio 2010\projects\file_read\file_read\main.cpp(1638): warning C4018: '<' : signed/unsigned mismatch
\\psf\home\documents\visual studio 2010\projects\file_read\file_read\main.cpp(1646): warning C4018: '<' : signed/unsigned mismatch
\\psf\home\documents\visual studio 2010\projects\file_read\file_read\main.cpp(1651): warning C4018: '>=' : signed/unsigned mismatch
\\psf\home\documents\visual studio 2010\projects\file_read\file_read\main.cpp(1661): warning C4018: '>' : signed/unsigned mismatch
\\psf\home\documents\visual studio 2010\projects\file_read\file_read\main.cpp(1673): warning C4018: '<' : signed/unsigned mismatch
\\psf\home\documents\visual studio 2010\projects\file_read\file_read\main.cpp(1697): warning C4018: '<' : signed/unsigned mismatch
\\psf\home\documents\visual studio 2010\projects\file_read\file_read\main.cpp(1749): warning C4018: '>' : signed/unsigned mismatch
\\psf\home\documents\visual studio 2010\projects\file_read\file_read\main.cpp(1751): warning C4018: '>' : signed/unsigned mismatch
\\psf\home\documents\visual studio 2010\projects\file_read\file_read\main.cpp(1756): warning C4018: '>' : signed/unsigned mismatch
\\psf\home\documents\visual studio 2010\projects\file_read\file_read\main.cpp(1764): warning C4018: '>' : signed/unsigned mismatch
\\psf\home\documents\visual studio 2010\projects\file_read\file_read\main.cpp(1766): warning C4018: '>' : signed/unsigned mismatch
\\psf\home\documents\visual studio 2010\projects\file_read\file_read\main.cpp(1771): warning C4018: '>' : signed/unsigned mismatch
\\psf\home\documents\visual studio 2010\projects\file_read\file_read\main.cpp(1785): warning C4018: '>' : signed/unsigned mismatch
\\psf\home\documents\visual studio 2010\projects\file_read\file_read\main.cpp(1787): warning C4018: '>' : signed/unsigned mismatch
\\psf\home\documents\visual studio 2010\projects\file_read\file_read\main.cpp(1792): warning C4018: '>' : signed/unsigned mismatch
\\psf\home\documents\visual studio 2010\projects\file_read\file_read\main.cpp(1800): warning C4018: '>' : signed/unsigned mismatch
\\psf\home\documents\visual studio 2010\projects\file_read\file_read\main.cpp(1802): warning C4018: '>' : signed/unsigned mismatch
\\psf\home\documents\visual studio 2010\projects\file_read\file_read\main.cpp(1807): warning C4018: '>' : signed/unsigned mismatch
\\psf\home\documents\visual studio 2010\projects\file_read\file_read\main.cpp(1821): warning C4018: '>' : signed/unsigned mismatch
\\psf\home\documents\visual studio 2010\projects\file_read\file_read\main.cpp(1823): warning C4018: '>' : signed/unsigned mismatch
\\psf\home\documents\visual studio 2010\projects\file_read\file_read\main.cpp(1828): warning C4018: '>' : signed/unsigned mismatch
\\psf\home\documents\visual studio 2010\projects\file_read\file_read\main.cpp(1836): warning C4018: '>' : signed/unsigned mismatch
\\psf\home\documents\visual studio 2010\projects\file_read\file_read\main.cpp(1838): warning C4018: '>' : signed/unsigned mismatch
\\psf\home\documents\visual studio 2010\projects\file_read\file_read\main.cpp(1843): warning C4018: '>' : signed/unsigned mismatch
\\psf\home\documents\visual studio 2010\projects\file_read\file_read\main.cpp(1857): warning C4018: '>' : signed/unsigned mismatch
\\psf\home\documents\visual studio 2010\projects\file_read\file_read\main.cpp(1859): warning C4018: '>' : signed/unsigned mismatch
\\psf\home\documents\visual studio 2010\projects\file_read\file_read\main.cpp(1864): warning C4018: '>' : signed/unsigned mismatch
\\psf\home\documents\visual studio 2010\projects\file_read\file_read\main.cpp(1872): warning C4018: '>' : signed/unsigned mismatch
\\psf\home\documents\visual studio 2010\projects\file_read\file_read\main.cpp(1874): warning C4018: '>' : signed/unsigned mismatch
\\psf\home\documents\visual studio 2010\projects\file_read\file_read\main.cpp(1879): warning C4018: '>' : signed/unsigned mismatch
\\psf\home\documents\visual studio 2010\projects\file_read\file_read\main.cpp(1984): warning C4018: '>' : signed/unsigned mismatch
\\psf\home\documents\visual studio 2010\projects\file_read\file_read\main.cpp(1986): warning C4018: '>' : signed/unsigned mismatch
\\psf\home\documents\visual studio 2010\projects\file_read\file_read\main.cpp(1991): warning C4018: '>' : signed/unsigned mismatch
\\psf\home\documents\visual studio 2010\projects\file_read\file_read\main.cpp(2068): warning C4018: '>' : signed/unsigned mismatch
\\psf\home\documents\visual studio 2010\projects\file_read\file_read\main.cpp(2082): warning C4018: '>' : signed/unsigned mismatch
\\psf\home\documents\visual studio 2010\projects\file_read\file_read\main.cpp(2084): warning C4018: '>' : signed/unsigned mismatch
\\psf\home\documents\visual studio 2010\projects\file_read\file_read\main.cpp(2089): warning C4018: '>' : signed/unsigned mismatch
\\psf\home\documents\visual studio 2010\projects\file_read\file_read\main.cpp(2303): warning C4018: '>' : signed/unsigned mismatch
\\psf\home\documents\visual studio 2010\projects\file_read\file_read\main.cpp(2305): warning C4018: '>' : signed/unsigned mismatch
\\psf\home\documents\visual studio 2010\projects\file_read\file_read\main.cpp(2310): warning C4018: '>' : signed/unsigned mismatch
\\psf\home\documents\visual studio 2010\projects\file_read\file_read\main.cpp(2396): warning C4018: '<' : signed/unsigned mismatch
\\psf\home\documents\visual studio 2010\projects\file_read\file_read\main.cpp(2400): warning C4018: '>' : signed/unsigned mismatch
\\psf\home\documents\visual studio 2010\projects\file_read\file_read\main.cpp(2406): warning C4018: '>' : signed/unsigned mismatch
\\psf\home\documents\visual studio 2010\projects\file_read\file_read\main.cpp(2408): warning C4018: '>' : signed/unsigned mismatch
\\psf\home\documents\visual studio 2010\projects\file_read\file_read\main.cpp(2413): warning C4018: '>' : signed/unsigned mismatch
\\psf\home\documents\visual studio 2010\projects\file_read\file_read\main.cpp(2417): warning C4018: '>' : signed/unsigned mismatch
\\psf\home\documents\visual studio 2010\projects\file_read\file_read\main.cpp(2438): warning C4018: '<' : signed/unsigned mismatch
\\psf\home\documents\visual studio 2010\projects\file_read\file_read\main.cpp(2506): warning C4258: 'j' : definition from the for loop is ignored; the definition from the enclosing scope is used
          \\psf\home\documents\visual studio 2010\projects\file_read\file_read\main.cpp(2504) : definition of 'j' ignored
          \\psf\home\documents\visual studio 2010\projects\file_read\file_read\main.cpp(2438) : definition of 'j' used
\\psf\home\documents\visual studio 2010\projects\file_read\file_read\main.cpp(2507): warning C4258: 'j' : definition from the for loop is ignored; the definition from the enclosing scope is used
          \\psf\home\documents\visual studio 2010\projects\file_read\file_read\main.cpp(2504) : definition of 'j' ignored
          \\psf\home\documents\visual studio 2010\projects\file_read\file_read\main.cpp(2438) : definition of 'j' used
\\psf\home\documents\visual studio 2010\projects\file_read\file_read\main.cpp(2510): warning C4258: 'j' : definition from the for loop is ignored; the definition from the enclosing scope is used
          \\psf\home\documents\visual studio 2010\projects\file_read\file_read\main.cpp(2504) : definition of 'j' ignored
          \\psf\home\documents\visual studio 2010\projects\file_read\file_read\main.cpp(2438) : definition of 'j' used
\\psf\home\documents\visual studio 2010\projects\file_read\file_read\main.cpp(2511): warning C4258: 'j' : definition from the for loop is ignored; the definition from the enclosing scope is used
          \\psf\home\documents\visual studio 2010\projects\file_read\file_read\main.cpp(2504) : definition of 'j' ignored
          \\psf\home\documents\visual studio 2010\projects\file_read\file_read\main.cpp(2438) : definition of 'j' used
\\psf\home\documents\visual studio 2010\projects\file_read\file_read\main.cpp(2511): warning C4018: '<' : signed/unsigned mismatch
\\psf\home\documents\visual studio 2010\projects\file_read\file_read\main.cpp(287): warning C4715: 'BTBGet' : not all control paths return a value
Link:
  C:\Program Files (x86)\Microsoft Visual Studio 10.0\VC\bin\link.exe /ERRORREPORT:PROMPT /OUT:"\\psf\Home\Documents\Visual Studio 2010\Projects\file_read\Debug\file_read.exe" /INCREMENTAL:NO /NOLOGO systemc.lib kernel32.lib user32.lib gdi32.lib winspool.lib comdlg32.lib advapi32.lib shell32.lib ole32.lib oleaut32.lib uuid.lib odbc32.lib odbccp32.lib /MANIFEST /ManifestFile:"Debug\file_read.exe.intermediate.manifest" /MANIFESTUAC:"level='asInvoker' uiAccess='false'" /DEBUG /PDB:"\\psf\Home\Documents\Visual Studio 2010\Projects\file_read\Debug\file_read.pdb" /SUBSYSTEM:CONSOLE /TLBID:1 /DYNAMICBASE /NXCOMPAT /IMPLIB:"\\psf\Home\Documents\Visual Studio 2010\Projects\file_read\Debug\file_read.lib" /MACHINE:X86 Debug\main.obj
main.obj : warning LNK4075: ignoring '/EDITANDCONTINUE' due to '/INCREMENTAL:NO' specification
  file_read.vcxproj -> \\psf\Home\Documents\Visual Studio 2010\Projects\file_read\Debug\file_read.exe
Manifest:
  C:\Program Files (x86)\Microsoft SDKs\Windows\v7.0A\bin\mt.exe /nologo /verbose /outputresource:"\\psf\Home\Documents\Visual Studio 2010\Projects\file_read\Debug\file_read.exe;#1" /manifest Debug\file_read.exe.intermediate.manifest
FinalizeBuildStatus:
  Deleting file "Debug\file_read.unsuccessfulbuild".
  Touching "Debug\file_read.lastbuildstate".
Done Building Project "\\psf\Home\Documents\Visual Studio 2010\Projects\file_read\file_read\file_read.vcxproj" (build target(s)).

Build succeeded.

Time Elapsed 00:00:02.15
